{"/Users/sanjeev/experiments/string-utils/src/abbreviate.js": {"path":"/Users/sanjeev/experiments/string-utils/src/abbreviate.js","statementMap":{"0":{"start":{"line":2,"column":2},"end":{"line":4,"column":3}},"1":{"start":{"line":3,"column":4},"end":{"line":3,"column":45}},"2":{"start":{"line":6,"column":2},"end":{"line":8,"column":3}},"3":{"start":{"line":7,"column":4},"end":{"line":7,"column":14}},"4":{"start":{"line":10,"column":2},"end":{"line":10,"column":19}},"5":{"start":{"line":12,"column":14},"end":{"line":12,"column":28}},"6":{"start":{"line":13,"column":15},"end":{"line":13,"column":17}},"7":{"start":{"line":15,"column":2},"end":{"line":17,"column":3}},"8":{"start":{"line":15,"column":15},"end":{"line":15,"column":16}},"9":{"start":{"line":16,"column":4},"end":{"line":16,"column":26}},"10":{"start":{"line":19,"column":2},"end":{"line":19,"column":16}},"11":{"start":{"line":22,"column":0},"end":{"line":22,"column":28}}},"fnMap":{"0":{"name":"abbreviate","decl":{"start":{"line":1,"column":9},"end":{"line":1,"column":19}},"loc":{"start":{"line":1,"column":25},"end":{"line":20,"column":1}},"line":1}},"branchMap":{"0":{"loc":{"start":{"line":2,"column":2},"end":{"line":4,"column":3}},"type":"if","locations":[{"start":{"line":2,"column":2},"end":{"line":4,"column":3}},{"start":{},"end":{}}],"line":2},"1":{"loc":{"start":{"line":6,"column":2},"end":{"line":8,"column":3}},"type":"if","locations":[{"start":{"line":6,"column":2},"end":{"line":8,"column":3}},{"start":{},"end":{}}],"line":6}},"s":{"0":9,"1":3,"2":6,"3":0,"4":6,"5":6,"6":6,"7":6,"8":6,"9":9,"10":6,"11":1},"f":{"0":9},"b":{"0":[3,6],"1":[0,6]},"_coverageSchema":"1a1c01bbd47fc00a2c39e90264f33305004495a9","hash":"edaa60cd2b5c0d1db0e0bd541923e5a6eadf5068"}
,"/Users/sanjeev/experiments/string-utils/src/length.js": {"path":"/Users/sanjeev/experiments/string-utils/src/length.js","statementMap":{"0":{"start":{"line":2,"column":2},"end":{"line":4,"column":3}},"1":{"start":{"line":3,"column":4},"end":{"line":3,"column":42}},"2":{"start":{"line":6,"column":2},"end":{"line":6,"column":20}},"3":{"start":{"line":9,"column":0},"end":{"line":9,"column":24}}},"fnMap":{"0":{"name":"length","decl":{"start":{"line":1,"column":9},"end":{"line":1,"column":15}},"loc":{"start":{"line":1,"column":21},"end":{"line":7,"column":1}},"line":1}},"branchMap":{"0":{"loc":{"start":{"line":2,"column":2},"end":{"line":4,"column":3}},"type":"if","locations":[{"start":{"line":2,"column":2},"end":{"line":4,"column":3}},{"start":{},"end":{}}],"line":2}},"s":{"0":14,"1":1,"2":13,"3":1},"f":{"0":14},"b":{"0":[1,13]},"_coverageSchema":"1a1c01bbd47fc00a2c39e90264f33305004495a9","hash":"ec19f3d536120e6d01661d29fca41dcb4f0530fa"}
,"/Users/sanjeev/experiments/string-utils/src/limit.js": {"path":"/Users/sanjeev/experiments/string-utils/src/limit.js","statementMap":{"0":{"start":{"line":1,"column":15},"end":{"line":1,"column":34}},"1":{"start":{"line":5,"column":2},"end":{"line":7,"column":3}},"2":{"start":{"line":6,"column":4},"end":{"line":6,"column":45}},"3":{"start":{"line":9,"column":2},"end":{"line":11,"column":3}},"4":{"start":{"line":10,"column":4},"end":{"line":10,"column":44}},"5":{"start":{"line":14,"column":2},"end":{"line":16,"column":3}},"6":{"start":{"line":15,"column":4},"end":{"line":15,"column":34}},"7":{"start":{"line":18,"column":18},"end":{"line":18,"column":29}},"8":{"start":{"line":20,"column":2},"end":{"line":26,"column":3}},"9":{"start":{"line":21,"column":4},"end":{"line":25,"column":5}},"10":{"start":{"line":22,"column":6},"end":{"line":22,"column":48}},"11":{"start":{"line":24,"column":6},"end":{"line":24,"column":48}},"12":{"start":{"line":28,"column":2},"end":{"line":28,"column":12}},"13":{"start":{"line":31,"column":0},"end":{"line":31,"column":23}}},"fnMap":{"0":{"name":"limit","decl":{"start":{"line":3,"column":9},"end":{"line":3,"column":14}},"loc":{"start":{"line":3,"column":68},"end":{"line":29,"column":1}},"line":3}},"branchMap":{"0":{"loc":{"start":{"line":3,"column":30},"end":{"line":3,"column":47}},"type":"default-arg","locations":[{"start":{"line":3,"column":40},"end":{"line":3,"column":47}}],"line":3},"1":{"loc":{"start":{"line":3,"column":49},"end":{"line":3,"column":66}},"type":"default-arg","locations":[{"start":{"line":3,"column":61},"end":{"line":3,"column":66}}],"line":3},"2":{"loc":{"start":{"line":5,"column":2},"end":{"line":7,"column":3}},"type":"if","locations":[{"start":{"line":5,"column":2},"end":{"line":7,"column":3}},{"start":{},"end":{}}],"line":5},"3":{"loc":{"start":{"line":9,"column":2},"end":{"line":11,"column":3}},"type":"if","locations":[{"start":{"line":9,"column":2},"end":{"line":11,"column":3}},{"start":{},"end":{}}],"line":9},"4":{"loc":{"start":{"line":14,"column":2},"end":{"line":16,"column":3}},"type":"if","locations":[{"start":{"line":14,"column":2},"end":{"line":16,"column":3}},{"start":{},"end":{}}],"line":14},"5":{"loc":{"start":{"line":20,"column":2},"end":{"line":26,"column":3}},"type":"if","locations":[{"start":{"line":20,"column":2},"end":{"line":26,"column":3}},{"start":{},"end":{}}],"line":20},"6":{"loc":{"start":{"line":21,"column":4},"end":{"line":25,"column":5}},"type":"if","locations":[{"start":{"line":21,"column":4},"end":{"line":25,"column":5}},{"start":{"line":23,"column":11},"end":{"line":25,"column":5}}],"line":21}},"s":{"0":1,"1":7,"2":1,"3":6,"4":1,"5":5,"6":1,"7":5,"8":5,"9":4,"10":1,"11":3,"12":1,"13":1},"f":{"0":7},"b":{"0":[3],"1":[4],"2":[1,6],"3":[1,5],"4":[1,4],"5":[4,1],"6":[1,3]},"_coverageSchema":"1a1c01bbd47fc00a2c39e90264f33305004495a9","hash":"86db87ded1f74428c083d28e1085ed3b40cf2610"}
,"/Users/sanjeev/experiments/string-utils/src/subString.js": {"path":"/Users/sanjeev/experiments/string-utils/src/subString.js","statementMap":{"0":{"start":{"line":1,"column":15},"end":{"line":1,"column":34}},"1":{"start":{"line":4,"column":2},"end":{"line":6,"column":3}},"2":{"start":{"line":5,"column":4},"end":{"line":5,"column":45}},"3":{"start":{"line":8,"column":2},"end":{"line":10,"column":3}},"4":{"start":{"line":9,"column":4},"end":{"line":9,"column":32}},"5":{"start":{"line":12,"column":18},"end":{"line":12,"column":29}},"6":{"start":{"line":14,"column":2},"end":{"line":16,"column":3}},"7":{"start":{"line":15,"column":4},"end":{"line":15,"column":14}},"8":{"start":{"line":18,"column":2},"end":{"line":20,"column":3}},"9":{"start":{"line":19,"column":4},"end":{"line":19,"column":14}},"10":{"start":{"line":22,"column":2},"end":{"line":24,"column":3}},"11":{"start":{"line":23,"column":4},"end":{"line":23,"column":39}},"12":{"start":{"line":26,"column":12},"end":{"line":26,"column":34}},"13":{"start":{"line":28,"column":2},"end":{"line":28,"column":31}},"14":{"start":{"line":31,"column":0},"end":{"line":31,"column":27}}},"fnMap":{"0":{"name":"subString","decl":{"start":{"line":3,"column":9},"end":{"line":3,"column":18}},"loc":{"start":{"line":3,"column":51},"end":{"line":29,"column":1}},"line":3}},"branchMap":{"0":{"loc":{"start":{"line":3,"column":24},"end":{"line":3,"column":33}},"type":"default-arg","locations":[{"start":{"line":3,"column":32},"end":{"line":3,"column":33}}],"line":3},"1":{"loc":{"start":{"line":4,"column":2},"end":{"line":6,"column":3}},"type":"if","locations":[{"start":{"line":4,"column":2},"end":{"line":6,"column":3}},{"start":{},"end":{}}],"line":4},"2":{"loc":{"start":{"line":8,"column":2},"end":{"line":10,"column":3}},"type":"if","locations":[{"start":{"line":8,"column":2},"end":{"line":10,"column":3}},{"start":{},"end":{}}],"line":8},"3":{"loc":{"start":{"line":14,"column":2},"end":{"line":16,"column":3}},"type":"if","locations":[{"start":{"line":14,"column":2},"end":{"line":16,"column":3}},{"start":{},"end":{}}],"line":14},"4":{"loc":{"start":{"line":18,"column":2},"end":{"line":20,"column":3}},"type":"if","locations":[{"start":{"line":18,"column":2},"end":{"line":20,"column":3}},{"start":{},"end":{}}],"line":18},"5":{"loc":{"start":{"line":22,"column":2},"end":{"line":24,"column":3}},"type":"if","locations":[{"start":{"line":22,"column":2},"end":{"line":24,"column":3}},{"start":{},"end":{}}],"line":22}},"s":{"0":1,"1":7,"2":1,"3":6,"4":1,"5":6,"6":6,"7":1,"8":5,"9":1,"10":4,"11":1,"12":4,"13":4,"14":1},"f":{"0":7},"b":{"0":[1],"1":[1,6],"2":[1,5],"3":[1,5],"4":[1,4],"5":[1,3]},"_coverageSchema":"1a1c01bbd47fc00a2c39e90264f33305004495a9","hash":"82589b60cdcd9c168e0b35552e7418c3dc6e3b7b"}
,"/Users/sanjeev/experiments/string-utils/src/toArray.js": {"path":"/Users/sanjeev/experiments/string-utils/src/toArray.js","statementMap":{"0":{"start":{"line":2,"column":2},"end":{"line":4,"column":3}},"1":{"start":{"line":3,"column":4},"end":{"line":3,"column":45}},"2":{"start":{"line":6,"column":2},"end":{"line":6,"column":30}},"3":{"start":{"line":9,"column":0},"end":{"line":9,"column":25}}},"fnMap":{"0":{"name":"toArray","decl":{"start":{"line":1,"column":9},"end":{"line":1,"column":16}},"loc":{"start":{"line":1,"column":38},"end":{"line":7,"column":1}},"line":1}},"branchMap":{"0":{"loc":{"start":{"line":1,"column":22},"end":{"line":1,"column":36}},"type":"default-arg","locations":[{"start":{"line":1,"column":34},"end":{"line":1,"column":36}}],"line":1},"1":{"loc":{"start":{"line":2,"column":2},"end":{"line":4,"column":3}},"type":"if","locations":[{"start":{"line":2,"column":2},"end":{"line":4,"column":3}},{"start":{},"end":{}}],"line":2}},"s":{"0":3,"1":1,"2":2,"3":1},"f":{"0":3},"b":{"0":[2],"1":[1,2]},"_coverageSchema":"1a1c01bbd47fc00a2c39e90264f33305004495a9","hash":"8e4cabcbcf1f3e69adde0b5bb58021d6a962b5c4"}
}
