TN:
SF:src/length.js
FN:1,length
FNF:1
FNH:1
FNDA:14,length
DA:2,14
DA:3,1
DA:6,13
DA:9,1
LF:4
LH:4
BRDA:2,0,0,1
BRDA:2,0,1,13
BRF:2
BRH:2
end_of_record
TN:
SF:src/limit.js
FN:3,limit
FNF:1
FNH:1
FNDA:7,limit
DA:1,1
DA:5,7
DA:6,1
DA:9,6
DA:10,1
DA:14,5
DA:15,1
DA:18,5
DA:20,5
DA:21,4
DA:22,1
DA:24,3
DA:28,1
DA:31,1
LF:14
LH:14
BRDA:3,0,0,3
BRDA:3,1,0,4
BRDA:5,2,0,1
BRDA:5,2,1,6
BRDA:9,3,0,1
BRDA:9,3,1,5
BRDA:14,4,0,1
BRDA:14,4,1,4
BRDA:20,5,0,4
BRDA:20,5,1,1
BRDA:21,6,0,1
BRDA:21,6,1,3
BRF:12
BRH:12
end_of_record
TN:
SF:src/subString.js
FN:3,subString
FNF:1
FNH:1
FNDA:7,subString
DA:1,1
DA:4,7
DA:5,1
DA:8,6
DA:9,1
DA:12,6
DA:14,6
DA:15,1
DA:18,5
DA:19,1
DA:22,4
DA:23,1
DA:26,4
DA:28,4
DA:31,1
LF:15
LH:15
BRDA:3,0,0,1
BRDA:4,1,0,1
BRDA:4,1,1,6
BRDA:8,2,0,1
BRDA:8,2,1,5
BRDA:14,3,0,1
BRDA:14,3,1,5
BRDA:18,4,0,1
BRDA:18,4,1,4
BRDA:22,5,0,1
BRDA:22,5,1,3
BRF:11
BRH:11
end_of_record
TN:
SF:src/toArray.js
FN:1,toArray
FNF:1
FNH:1
FNDA:3,toArray
DA:2,3
DA:3,1
DA:6,2
DA:9,1
LF:4
LH:4
BRDA:1,0,0,2
BRDA:2,1,0,1
BRDA:2,1,1,2
BRF:3
BRH:3
end_of_record
